<?xml version="1.0" encoding="UTF-8"?>
<testsuites name="myTestSuite1" time="36" tests="1" failures="0" errors="0">
   <testsuite name="myTestSuite1" tests="1" failures="0" errors="0" time="36" timestamp="2017-12-29 23:01:20" hostname="User - 172.23.92.234" id="Test Suites/myTestSuite1">
      <properties>
         <property name="deviceName" value=""/>
         <property name="devicePlatform" value=""/>
         <property name="logFolder" value="C:\\Users\\User\\Katalon Studio\\testDenis\\Reports\\myTestSuite1\\20171229_230115"/>
         <property name="logFiles" value="C:\\Users\\User\\Katalon Studio\\testDenis\\Reports\\myTestSuite1\\20171229_230115\\execution0.log"/>
         <property name="attachments" value=""/>
         <property name="hostName" value="User - 172.23.92.234"/>
         <property name="os" value="Windows 10 64bit"/>
         <property name="katalonVersion" value="5.2.0.1"/>
         <property name="browser" value="Chrome 63.0.3239.84"/>
         <property name="hostAddress" value="172.23.92.234"/>
         <property name="sessionId" value="d1c2244a6b0af213a7fa5d751f2dc585"/>
         <property name="seleniumVersion" value="3.7.1"/>
         <property name="proxyInformation" value="ProxyInformation{proxyOption=NO_PROXY, proxyServerType=HTTP, password=, proxyServerAddress=, proxyServerPort=0}"/>
         <property name="platform" value="Windows 10"/>
      </properties>
      <testcase name="Test Cases/mp1" classname="Test Cases/mp1" status="PASSED">
         <system-out><![CDATA[2017-12-29 23:01:21 - [TEST_CASE][PASSED] - Test Cases/mp1: Test Cases/mp1

2017-12-29 23:01:21 - [TEST_STEP][PASSED] - Statement - baseUrl = "https://dev.advertizoom.com/#/login": null

2017-12-29 23:01:21 - [TEST_STEP][PASSED] - openBrowser: Browser is opened with url: 'https://dev.advertizoom.com/#/login'

2017-12-29 23:01:29 - [MESSAGE][PASSED] - Browser is opened with url: 'https://dev.advertizoom.com/#/login'

2017-12-29 23:01:29 - [TEST_STEP][PASSED] - Statement - driver = com.kms.katalon.core.webui.driver.DriverFactory.getWebDriver(): null

2017-12-29 23:01:29 - [TEST_STEP][PASSED] - Statement - selenium = new com.thoughtworks.selenium.webdriven.WebDriverBackedSelenium(driver, baseUrl): null

2017-12-29 23:01:29 - [TEST_STEP][PASSED] - Statement - selenium.open("https://dev.advertizoom.com/#/login"): null

2017-12-29 23:01:29 - [TEST_STEP][PASSED] - Statement - selenium.doubleClick("id=exampleInputLogin1"): null

2017-12-29 23:01:29 - [TEST_STEP][PASSED] - setText: Text 'admin' is set on object 'Object Repository/login'

2017-12-29 23:01:30 - [MESSAGE][PASSED] - Text 'admin' is set on object 'Object Repository/login'

2017-12-29 23:01:30 - [TEST_STEP][PASSED] - setMaskedText: Text '****************' is set on object 'Object Repository/password'

2017-12-29 23:01:30 - [MESSAGE][PASSED] - Text '****************' is set on object 'Object Repository/password'

2017-12-29 23:01:30 - [TEST_STEP][PASSED] - Statement - selenium.click("//button[@type='submit']"): null

2017-12-29 23:01:30 - [TEST_STEP][PASSED] - delay: Delayed 1 second(s)

2017-12-29 23:01:31 - [MESSAGE][PASSED] - Delayed 1 second(s)

2017-12-29 23:01:31 - [TEST_STEP][PASSED] - Statement - For ([x = 0, x < 2, x = x + 1]): Delayed 1 second(s)

2017-12-29 23:01:31 - [TEST_STEP][PASSED] - click: Object: 'Object Repository/mediaplans' is clicked on

2017-12-29 23:01:31 - [MESSAGE][PASSED] - Object: 'Object Repository/mediaplans' is clicked on

2017-12-29 23:01:31 - [TEST_STEP][PASSED] - delay: Delayed 1 second(s)

2017-12-29 23:01:32 - [MESSAGE][PASSED] - Delayed 1 second(s)

2017-12-29 23:01:32 - [TEST_STEP][PASSED] - Statement - selenium.click("id=tagid_403"): null

2017-12-29 23:01:32 - [TEST_STEP][PASSED] - delay: Delayed 1 second(s)

2017-12-29 23:01:33 - [MESSAGE][PASSED] - Delayed 1 second(s)

2017-12-29 23:01:33 - [TEST_STEP][PASSED] - Statement - selenium.click("link=12"): null

2017-12-29 23:01:33 - [TEST_STEP][PASSED] - delay: Delayed 1 second(s)

2017-12-29 23:01:34 - [MESSAGE][PASSED] - Delayed 1 second(s)

2017-12-29 23:01:34 - [TEST_STEP][PASSED] - Statement - selenium.click("id=status"): null

2017-12-29 23:01:35 - [TEST_STEP][PASSED] - delay: Delayed 1 second(s)

2017-12-29 23:01:36 - [MESSAGE][PASSED] - Delayed 1 second(s)

2017-12-29 23:01:36 - [TEST_STEP][PASSED] - Statement - selenium.select("id=status", "label=На согласовании"): null

2017-12-29 23:01:36 - [TEST_STEP][PASSED] - delay: Delayed 1 second(s)

2017-12-29 23:01:37 - [MESSAGE][PASSED] - Delayed 1 second(s)

2017-12-29 23:01:37 - [TEST_STEP][PASSED] - Statement - selenium.click("xpath=(//option[@value='1'])[5]"): null

2017-12-29 23:01:37 - [TEST_STEP][PASSED] - delay: Delayed 1 second(s)

2017-12-29 23:01:38 - [MESSAGE][PASSED] - Delayed 1 second(s)

2017-12-29 23:01:38 - [TEST_STEP][PASSED] - Statement - selenium.click("//input[@value='Сохранить']"): null

2017-12-29 23:01:38 - [TEST_STEP][PASSED] - delay: Delayed 1 second(s)

2017-12-29 23:01:39 - [MESSAGE][PASSED] - Delayed 1 second(s)

2017-12-29 23:01:39 - [TEST_STEP][PASSED] - Statement - selenium.click("id=status"): null

2017-12-29 23:01:39 - [TEST_STEP][PASSED] - delay: Delayed 1 second(s)

2017-12-29 23:01:40 - [MESSAGE][PASSED] - Delayed 1 second(s)

2017-12-29 23:01:40 - [TEST_STEP][PASSED] - Statement - selenium.select("id=status", "label=Отклонен"): null

2017-12-29 23:01:40 - [TEST_STEP][PASSED] - delay: Delayed 1 second(s)

2017-12-29 23:01:41 - [MESSAGE][PASSED] - Delayed 1 second(s)

2017-12-29 23:01:41 - [TEST_STEP][PASSED] - Statement - selenium.click("xpath=(//option[@value='2'])[4]"): null

2017-12-29 23:01:41 - [TEST_STEP][PASSED] - delay: Delayed 1 second(s)

2017-12-29 23:01:42 - [MESSAGE][PASSED] - Delayed 1 second(s)

2017-12-29 23:01:42 - [TEST_STEP][PASSED] - Statement - selenium.click("//input[@value='Сохранить']"): null

2017-12-29 23:01:42 - [TEST_STEP][PASSED] - delay: Delayed 1 second(s)

2017-12-29 23:01:43 - [MESSAGE][PASSED] - Delayed 1 second(s)

2017-12-29 23:01:44 - [TEST_STEP][PASSED] - click: Object: 'Object Repository/mediaplans' is clicked on

2017-12-29 23:01:44 - [MESSAGE][PASSED] - Object: 'Object Repository/mediaplans' is clicked on

2017-12-29 23:01:44 - [TEST_STEP][PASSED] - delay: Delayed 1 second(s)

2017-12-29 23:01:45 - [MESSAGE][PASSED] - Delayed 1 second(s)

2017-12-29 23:01:45 - [TEST_STEP][PASSED] - Statement - selenium.click("id=tagid_403"): null

2017-12-29 23:01:45 - [TEST_STEP][PASSED] - delay: Delayed 1 second(s)

2017-12-29 23:01:46 - [MESSAGE][PASSED] - Delayed 1 second(s)

2017-12-29 23:01:46 - [TEST_STEP][PASSED] - Statement - selenium.click("link=12"): null

2017-12-29 23:01:46 - [TEST_STEP][PASSED] - delay: Delayed 1 second(s)

2017-12-29 23:01:47 - [MESSAGE][PASSED] - Delayed 1 second(s)

2017-12-29 23:01:47 - [TEST_STEP][PASSED] - Statement - selenium.click("id=status"): null

2017-12-29 23:01:47 - [TEST_STEP][PASSED] - delay: Delayed 1 second(s)

2017-12-29 23:01:48 - [MESSAGE][PASSED] - Delayed 1 second(s)

2017-12-29 23:01:48 - [TEST_STEP][PASSED] - Statement - selenium.select("id=status", "label=На согласовании"): null

2017-12-29 23:01:48 - [TEST_STEP][PASSED] - delay: Delayed 1 second(s)

2017-12-29 23:01:49 - [MESSAGE][PASSED] - Delayed 1 second(s)

2017-12-29 23:01:49 - [TEST_STEP][PASSED] - Statement - selenium.click("xpath=(//option[@value='1'])[5]"): null

2017-12-29 23:01:49 - [TEST_STEP][PASSED] - delay: Delayed 1 second(s)

2017-12-29 23:01:50 - [MESSAGE][PASSED] - Delayed 1 second(s)

2017-12-29 23:01:50 - [TEST_STEP][PASSED] - Statement - selenium.click("//input[@value='Сохранить']"): null

2017-12-29 23:01:50 - [TEST_STEP][PASSED] - delay: Delayed 1 second(s)

2017-12-29 23:01:51 - [MESSAGE][PASSED] - Delayed 1 second(s)

2017-12-29 23:01:51 - [TEST_STEP][PASSED] - Statement - selenium.click("id=status"): null

2017-12-29 23:01:52 - [TEST_STEP][PASSED] - delay: Delayed 1 second(s)

2017-12-29 23:01:53 - [MESSAGE][PASSED] - Delayed 1 second(s)

2017-12-29 23:01:53 - [TEST_STEP][PASSED] - Statement - selenium.select("id=status", "label=Отклонен"): null

2017-12-29 23:01:53 - [TEST_STEP][PASSED] - delay: Delayed 1 second(s)

2017-12-29 23:01:54 - [MESSAGE][PASSED] - Delayed 1 second(s)

2017-12-29 23:01:54 - [TEST_STEP][PASSED] - Statement - selenium.click("xpath=(//option[@value='2'])[4]"): null

2017-12-29 23:01:54 - [TEST_STEP][PASSED] - delay: Delayed 1 second(s)

2017-12-29 23:01:55 - [MESSAGE][PASSED] - Delayed 1 second(s)

2017-12-29 23:01:55 - [TEST_STEP][PASSED] - Statement - selenium.click("//input[@value='Сохранить']"): null

2017-12-29 23:01:55 - [TEST_STEP][PASSED] - delay: Delayed 1 second(s)

2017-12-29 23:01:56 - [MESSAGE][PASSED] - Delayed 1 second(s)]]></system-out>
         <system-err><![CDATA[]]></system-err>
      </testcase>
      <system-out><![CDATA[2017-12-29 23:01:20 - [TEST_SUITE][PASSED] - myTestSuite1: Test Cases/mp1]]></system-out>
      <system-err><![CDATA[]]></system-err>
   </testsuite>
</testsuites>
